<?xml version="1.0" encoding="UTF-8"?>
<testsuite xmlns:xsi="http://www.w3.org/2001/XMLSchema-instance" xsi:noNamespaceSchemaLocation="https://maven.apache.org/surefire/maven-surefire-plugin/xsd/surefire-test-report-3.0.xsd" version="3.0" name="com.moderation.AuditLoggerTest" time="0.208" tests="17" errors="0" skipped="0" failures="0">
  <properties>
[...]
</properties>
  <testcase name="testGetLogsForUnknownUser" classname="com.moderation.AuditLoggerTest" time="0.073"/>
  <testcase name="testGetLogsBySeverity" classname="com.moderation.AuditLoggerTest" time="0.0"/>
  <testcase name="testLogCreatedOnModerationAction" classname="com.moderation.AuditLoggerTest" time="0.0"/>
  <testcase name="testIsEmptyAfterLogging" classname="com.moderation.AuditLoggerTest" time="0.0"/>
  <testcase name="testLogContentAccuracy_Action" classname="com.moderation.AuditLoggerTest" time="0.0"/>
  <testcase name="testTimestampIsNotNull" classname="com.moderation.AuditLoggerTest" time="0.008"/>
  <testcase name="testGetLogsForUser" classname="com.moderation.AuditLoggerTest" time="0.001"/>
  <testcase name="testClearLogs" classname="com.moderation.AuditLoggerTest" time="0.0"/>
  <testcase name="testLogContentAccuracy_Reason" classname="com.moderation.AuditLoggerTest" time="0.0"/>
  <testcase name="testLogContentAccuracy_UserId" classname="com.moderation.AuditLoggerTest" time="0.006"/>
  <testcase name="testIsEmptyOnFreshLogger" classname="com.moderation.AuditLoggerTest" time="0.0"/>
  <testcase name="testLogContentAccuracy_Severity" classname="com.moderation.AuditLoggerTest" time="0.0"/>
  <testcase name="testCorrectLogCount" classname="com.moderation.AuditLoggerTest" time="0.0"/>
  <testcase name="testEmptyLoggerReturnsZeroCount" classname="com.moderation.AuditLoggerTest" time="0.008"/>
  <testcase name="testGetAllLogsOrder" classname="com.moderation.AuditLoggerTest" time="0.0"/>
  <testcase name="testGetLogsByAction" classname="com.moderation.AuditLoggerTest" time="0.007"/>
  <testcase name="testLogContentAccuracy_TriggeredWord" classname="com.moderation.AuditLoggerTest" time="0.0"/>
</testsuite>