<?xml version="1.0" encoding="UTF-8"?>
<testsuite xmlns:xsi="http://www.w3.org/2001/XMLSchema-instance" xsi:noNamespaceSchemaLocation="https://maven.apache.org/surefire/maven-surefire-plugin/xsd/surefire-test-report-3.0.xsd" version="3.0" name="com.moderation.SeverityEngineTest" time="0.019" tests="10" errors="0" skipped="0" failures="0">
  <properties>
[...]
</properties>
  <testcase name="testHighSeverityReturnsBlock" classname="com.moderation.SeverityEngineTest" time="0.0"/>
  <testcase name="testNullSeverityReturnsAllow" classname="com.moderation.SeverityEngineTest" time="0.005"/>
  <testcase name="testMediumSeverityReturnsFlag" classname="com.moderation.SeverityEngineTest" time="0.005"/>
  <testcase name="testDescribeActionForLow" classname="com.moderation.SeverityEngineTest" time="0.0"/>
  <testcase name="testHighIsNotAllowOrFlag" classname="com.moderation.SeverityEngineTest" time="0.006"/>
  <testcase name="testDescribeActionForMedium" classname="com.moderation.SeverityEngineTest" time="0.0"/>
  <testcase name="testDescribeActionForHigh" classname="com.moderation.SeverityEngineTest" time="0.0"/>
  <testcase name="testDescribeActionForNull" classname="com.moderation.SeverityEngineTest" time="0.0"/>
  <testcase name="testLowIsNotBlockOrFlag" classname="com.moderation.SeverityEngineTest" time="0.0"/>
  <testcase name="testLowSeverityReturnsAllowWithWarning" classname="com.moderation.SeverityEngineTest" time="0.0"/>
</testsuite>